2014-10-07 01:35:30.270 Top5[64109:981329] DiskCookieStorage changing policy from 2 to 0, cookie file: file:///Users/czengg/Library/Developer/CoreSimulator/Devices/F9CE45F1-18D3-4BCE-9576-3B65506D2614/data/Containers/Data/Application/ED6C1A6A-9FB3-46C2-AAE6-9ECD06B710E7/Library/Cookies/Cookies.binarycookies
2014-10-07 01:35:30.318 Top5[64109:981329] Apache Cordova native platform version 3.6.3 is starting.
2014-10-07 01:35:30.318 Top5[64109:981329] Multi-tasking -> Device: YES, App: YES
2014-10-07 01:35:30.323 Top5[64109:981329] Unlimited access to network resources
2014-10-07 01:35:30.325 Top5[64109:981329] 

Started backup to iCloud! Please be careful.
Your application might be rejected by Apple if you store too much data.
For more information please read "iOS Data Storage Guidelines" at:
https://developer.apple.com/icloud/documentation/data-storage/

2014-10-07 01:35:30.625 Top5[64109:981329] Resetting plugins due to page load.
2014-10-07 01:35:30.769 Top5[64109:981329] Finished load of: file:///Users/czengg/Library/Developer/CoreSimulator/Devices/F9CE45F1-18D3-4BCE-9576-3B65506D2614/data/Containers/Bundle/Application/6B751C27-1DC0-4835-B59E-5161312A1FC5/Top5.app/www/index.html
2014-10-07 01:43:59.449 Top5[64443:985839] DiskCookieStorage changing policy from 2 to 0, cookie file: file:///Users/czengg/Library/Developer/CoreSimulator/Devices/F9CE45F1-18D3-4BCE-9576-3B65506D2614/data/Containers/Data/Application/65003722-6B5B-4311-A166-F461A2948172/Library/Cookies/Cookies.binarycookies
2014-10-07 01:43:59.494 Top5[64443:985839] Apache Cordova native platform version 3.6.3 is starting.
2014-10-07 01:43:59.495 Top5[64443:985839] Multi-tasking -> Device: YES, App: YES
2014-10-07 01:43:59.499 Top5[64443:985839] Unlimited access to network resources
2014-10-07 01:43:59.500 Top5[64443:985839] 

Started backup to iCloud! Please be careful.
Your application might be rejected by Apple if you store too much data.
For more information please read "iOS Data Storage Guidelines" at:
https://developer.apple.com/icloud/documentation/data-storage/

2014-10-07 01:43:59.607 Top5[64443:985839] Resetting plugins due to page load.
2014-10-07 01:43:59.667 Top5[64443:985839] Finished load of: file:///Users/czengg/Library/Developer/CoreSimulator/Devices/F9CE45F1-18D3-4BCE-9576-3B65506D2614/data/Containers/Bundle/Application/B2815091-B840-4D62-8910-4529706A110E/Top5.app/www/index.html
2014-10-07 01:45:55.970 Top5[64748:988126] DiskCookieStorage changing policy from 2 to 0, cookie file: file:///Users/czengg/Library/Developer/CoreSimulator/Devices/F9CE45F1-18D3-4BCE-9576-3B65506D2614/data/Containers/Data/Application/639F56BA-753A-44CC-A313-DD7355C3DBC8/Library/Cookies/Cookies.binarycookies
2014-10-07 01:45:56.028 Top5[64748:988126] Apache Cordova native platform version 3.6.3 is starting.
2014-10-07 01:45:56.028 Top5[64748:988126] Multi-tasking -> Device: YES, App: YES
2014-10-07 01:45:56.033 Top5[64748:988126] Unlimited access to network resources
2014-10-07 01:45:56.034 Top5[64748:988126] 

Started backup to iCloud! Please be careful.
Your application might be rejected by Apple if you store too much data.
For more information please read "iOS Data Storage Guidelines" at:
https://developer.apple.com/icloud/documentation/data-storage/

2014-10-07 01:45:56.146 Top5[64748:988126] Resetting plugins due to page load.
2014-10-07 01:45:56.217 Top5[64748:988126] Finished load of: file:///Users/czengg/Library/Developer/CoreSimulator/Devices/F9CE45F1-18D3-4BCE-9576-3B65506D2614/data/Containers/Bundle/Application/19BD58D5-A133-4D06-9481-643F81F66F51/Top5.app/www/index.html
2014-10-07 02:00:39.312 Top5[65078:995608] DiskCookieStorage changing policy from 2 to 0, cookie file: file:///Users/czengg/Library/Developer/CoreSimulator/Devices/F9CE45F1-18D3-4BCE-9576-3B65506D2614/data/Containers/Data/Application/6713DE0E-D066-45A1-B97B-719B1C829787/Library/Cookies/Cookies.binarycookies
2014-10-07 02:00:39.360 Top5[65078:995608] Apache Cordova native platform version 3.6.3 is starting.
2014-10-07 02:00:39.360 Top5[65078:995608] Multi-tasking -> Device: YES, App: YES
2014-10-07 02:00:39.364 Top5[65078:995608] Unlimited access to network resources
2014-10-07 02:00:39.366 Top5[65078:995608] 

Started backup to iCloud! Please be careful.
Your application might be rejected by Apple if you store too much data.
For more information please read "iOS Data Storage Guidelines" at:
https://developer.apple.com/icloud/documentation/data-storage/

2014-10-07 02:00:39.480 Top5[65078:995608] Resetting plugins due to page load.
2014-10-07 02:00:39.531 Top5[65078:995608] Finished load of: file:///Users/czengg/Library/Developer/CoreSimulator/Devices/F9CE45F1-18D3-4BCE-9576-3B65506D2614/data/Containers/Bundle/Application/64718BB3-D846-44F6-802D-D9420F99D9B4/Top5.app/www/index.html
2014-10-07 02:04:42.721 Top5[65360:999622] DiskCookieStorage changing policy from 2 to 0, cookie file: file:///Users/czengg/Library/Developer/CoreSimulator/Devices/F9CE45F1-18D3-4BCE-9576-3B65506D2614/data/Containers/Data/Application/BBBA3A9D-FFC2-4905-BB5D-1CCCAA920CD1/Library/Cookies/Cookies.binarycookies
2014-10-07 02:04:42.767 Top5[65360:999622] Apache Cordova native platform version 3.6.3 is starting.
2014-10-07 02:04:42.767 Top5[65360:999622] Multi-tasking -> Device: YES, App: YES
2014-10-07 02:04:42.771 Top5[65360:999622] Unlimited access to network resources
2014-10-07 02:04:42.773 Top5[65360:999622] 

Started backup to iCloud! Please be careful.
Your application might be rejected by Apple if you store too much data.
For more information please read "iOS Data Storage Guidelines" at:
https://developer.apple.com/icloud/documentation/data-storage/

2014-10-07 02:04:42.957 Top5[65360:999622] Resetting plugins due to page load.
2014-10-07 02:04:43.164 Top5[65360:999622] Finished load of: file:///Users/czengg/Library/Developer/CoreSimulator/Devices/F9CE45F1-18D3-4BCE-9576-3B65506D2614/data/Containers/Bundle/Application/60D4BE8B-2C2A-4184-A051-D69FE9F74F42/Top5.app/www/index.html
2014-10-07 02:17:44.348 Top5[66099:1008237] DiskCookieStorage changing policy from 2 to 0, cookie file: file:///Users/czengg/Library/Developer/CoreSimulator/Devices/F9CE45F1-18D3-4BCE-9576-3B65506D2614/data/Containers/Data/Application/3DC06552-CDC6-4E03-8AD6-15AAEFC1AE28/Library/Cookies/Cookies.binarycookies
2014-10-07 02:17:44.407 Top5[66099:1008237] Apache Cordova native platform version 3.6.3 is starting.
2014-10-07 02:17:44.407 Top5[66099:1008237] Multi-tasking -> Device: YES, App: YES
2014-10-07 02:17:44.422 Top5[66099:1008237] Unlimited access to network resources
2014-10-07 02:17:44.425 Top5[66099:1008237] 

Started backup to iCloud! Please be careful.
Your application might be rejected by Apple if you store too much data.
For more information please read "iOS Data Storage Guidelines" at:
https://developer.apple.com/icloud/documentation/data-storage/

2014-10-07 02:17:44.807 Top5[66099:1008237] Resetting plugins due to page load.
2014-10-07 02:17:44.936 Top5[66099:1008237] Finished load of: file:///Users/czengg/Library/Developer/CoreSimulator/Devices/F9CE45F1-18D3-4BCE-9576-3B65506D2614/data/Containers/Bundle/Application/D28FF9F7-98C0-4CD1-8EB3-CBCE86D5763B/Top5.app/www/index.html
2014-10-07 17:03:23.328 Top5[68954:1292790] DiskCookieStorage changing policy from 2 to 0, cookie file: file:///Users/czengg/Library/Developer/CoreSimulator/Devices/F9CE45F1-18D3-4BCE-9576-3B65506D2614/data/Containers/Data/Application/9BE810FD-8265-40E7-BC78-AD4C59CE9257/Library/Cookies/Cookies.binarycookies
2014-10-07 17:03:23.376 Top5[68954:1292790] Apache Cordova native platform version 3.6.3 is starting.
2014-10-07 17:03:23.376 Top5[68954:1292790] Multi-tasking -> Device: YES, App: YES
2014-10-07 17:03:23.382 Top5[68954:1292790] Unlimited access to network resources
2014-10-07 17:03:23.384 Top5[68954:1292790] 

Started backup to iCloud! Please be careful.
Your application might be rejected by Apple if you store too much data.
For more information please read "iOS Data Storage Guidelines" at:
https://developer.apple.com/icloud/documentation/data-storage/

2014-10-07 17:03:23.763 Top5[68954:1292790] Resetting plugins due to page load.
2014-10-07 17:03:23.882 Top5[68954:1292790] Finished load of: file:///Users/czengg/Library/Developer/CoreSimulator/Devices/F9CE45F1-18D3-4BCE-9576-3B65506D2614/data/Containers/Bundle/Application/E4D96A1E-E746-4B8B-B0D7-65F9C6B9872E/Top5.app/www/index.html
2014-10-08 21:30:14.558 Top5[68954:2296368] Terminating since there is no system app.
